Build started 9/12/2014 2:02:36 AM.
     1>Project "D:\OpenGLFall2014\myglfwapp1\vs2012\myglfwapp1.vcxproj" on node 2 (Build target(s)).
     1>ClCompile:
         C:\Program Files (x86)\Microsoft Visual Studio 11.0\VC\bin\CL.exe /c /I../include /ZI /nologo /W3 /WX- /Od /Oy- /D WIN32 /D _DEBUG /D _CONSOLE /D _UNICODE /D UNICODE /Gm /EHsc /RTC1 /MDd /GS /fp:precise /Zc:wchar_t /Zc:forScope /Fo"Debug\\" /Fd"Debug\vc110.pdb" /Gd /TP /analyze- /errorReport:prompt ..\src\Main.cpp ..\src\ShaderUtils.cpp ..\src\ShaderUtils.h
         ShaderUtils.h
         ShaderUtils.cpp
         Main.cpp
         Generating Code...
       Link:
         C:\Program Files (x86)\Microsoft Visual Studio 11.0\VC\bin\link.exe /ERRORREPORT:PROMPT /OUT:"D:\OpenGLFall2014\myglfwapp1\vs2012\Debug\myglfwapp1.exe" /INCREMENTAL /NOLOGO glew32d.lib kernel32.lib user32.lib gdi32.lib winspool.lib comdlg32.lib advapi32.lib shell32.lib ole32.lib oleaut32.lib uuid.lib odbc32.lib odbccp32.lib kernel32.lib user32.lib gdi32.lib winspool.lib comdlg32.lib advapi32.lib shell32.lib ole32.lib oleaut32.lib uuid.lib odbc32.lib odbccp32.lib glfw3.lib opengl32.lib /MANIFEST /MANIFESTUAC:"level='asInvoker' uiAccess='false'" /manifest:embed /DEBUG /PDB:"D:\OpenGLFall2014\myglfwapp1\vs2012\Debug\myglfwapp1.pdb" /SUBSYSTEM:CONSOLE /TLBID:1 /DYNAMICBASE /NXCOMPAT /IMPLIB:"D:\OpenGLFall2014\myglfwapp1\vs2012\Debug\myglfwapp1.lib" /MACHINE:X86 Debug\Main.obj
         Debug\ShaderUtils.obj
         Debug\ShaderUtils.obj
     1>Debug\ShaderUtils.obj : warning LNK4042: object specified more than once; extras ignored
     1>Main.obj : error LNK2019: unresolved external symbol "public: static unsigned int __cdecl ShaderUtils::CreateShaderFromFile(char const *,unsigned int)" (?CreateShaderFromFile@ShaderUtils@@SAIPBDI@Z) referenced in function _main
     1>Main.obj : error LNK2019: unresolved external symbol "public: static unsigned int __cdecl ShaderUtils::CreateProgramFromShaders(unsigned int,unsigned int)" (?CreateProgramFromShaders@ShaderUtils@@SAIII@Z) referenced in function _main
     1>D:\OpenGLFall2014\myglfwapp1\vs2012\Debug\myglfwapp1.exe : fatal error LNK1120: 2 unresolved externals
     1>Done Building Project "D:\OpenGLFall2014\myglfwapp1\vs2012\myglfwapp1.vcxproj" (Build target(s)) -- FAILED.

Build FAILED.

Time Elapsed 00:00:02.23
